<?xml version="1.0" encoding="UTF-8"?>
<testsuite xmlns:xsi="http://www.w3.org/2001/XMLSchema-instance" xsi:noNamespaceSchemaLocation="https://maven.apache.org/surefire/maven-surefire-plugin/xsd/surefire-test-report-3.0.xsd" version="3.0" name="com.zry.xiaohongshu.auth.DruidTests" time="4.466" tests="1" errors="0" skipped="0" failures="0">
  <properties>
[...]
</properties>
  <testcase name="testEncodePassword" classname="com.zry.xiaohongshu.auth.DruidTests" time="0.743">
    <system-out><![CDATA[00:50:43.177 [main] DEBUG org.springframework.boot.test.context.SpringBootTestContextBootstrapper - Neither @ContextConfiguration nor @ContextHierarchy found for test class [DruidTests]: using SpringBootContextLoader
00:50:43.182 [main] DEBUG org.springframework.test.context.support.AbstractContextLoader - Could not detect default resource locations for test class [com.zry.xiaohongshu.auth.DruidTests]: no resource found for suffixes {-context.xml, Context.groovy}.
00:50:43.183 [main] INFO org.springframework.test.context.support.AnnotationConfigContextLoaderUtils - Could not detect default configuration classes for test class [com.zry.xiaohongshu.auth.DruidTests]: DruidTests does not declare any static, non-private, non-final, nested classes annotated with @Configuration.
00:50:43.207 [main] DEBUG org.springframework.boot.test.context.SpringBootTestContextBootstrapper - Using ContextCustomizers for test class [DruidTests]: [ExcludeFilterContextCustomizer, DuplicateJsonObjectContextCustomizer, MockitoContextCustomizer, TestRestTemplateContextCustomizer, DisableObservabilityContextCustomizer, PropertyMappingContextCustomizer, Customizer]
00:50:43.299 [main] DEBUG org.springframework.context.annotation.ClassPathScanningCandidateComponentProvider - Identified candidate component class: file [D:\subject\JAVA\SpringCloud\xiaohongshu\xiaohongshu-auth\target\classes\com\zry\xiaohongshu\auth\XiaohongshuAuthApplication.class]
00:50:43.300 [main] INFO org.springframework.boot.test.context.SpringBootTestContextBootstrapper - Found @SpringBootConfiguration com.zry.xiaohongshu.auth.XiaohongshuAuthApplication for test class com.zry.xiaohongshu.auth.DruidTests
00:50:43.416 [main] DEBUG org.springframework.boot.test.context.SpringBootTestContextBootstrapper - Using TestExecutionListeners for test class [DruidTests]: [ServletTestExecutionListener, DirtiesContextBeforeModesTestExecutionListener, ApplicationEventsTestExecutionListener, MockitoTestExecutionListener, DependencyInjectionTestExecutionListener, DirtiesContextTestExecutionListener, TransactionalTestExecutionListener, SqlScriptsTestExecutionListener, EventPublishingTestExecutionListener, ResetMocksTestExecutionListener, RestDocsTestExecutionListener, MockRestServiceServerResetTestExecutionListener, MockMvcPrintOnlyOnFailureTestExecutionListener, WebDriverTestExecutionListener, MockWebServiceServerTestExecutionListener]
00:50:43.418 [main] DEBUG org.springframework.test.context.support.AbstractDirtiesContextTestExecutionListener - Before test class: class [DruidTests], class annotated with @DirtiesContext [false] with mode [null]

  .   ____          _            __ _ _
 /\\ / ___'_ __ _ _(_)_ __  __ _ \ \ \ \
( ( )\___ | '_ | '_| | '_ \/ _` | \ \ \ \
 \\/  ___)| |_)| | | | | || (_| |  ) ) ) )
  '  |____| .__|_| |_|_| |_\__, | / / / /
 =========|_|==============|___/=/_/_/_/
 :: Spring Boot ::                (v3.0.2)

2025-07-02T00:50:43.912+08:00  INFO 49512 --- [           main] com.zry.xiaohongshu.auth.DruidTests      : Starting DruidTests using Java 17.0.12 with PID 49512 (started by Rey in D:\subject\JAVA\SpringCloud\xiaohongshu\xiaohongshu-auth)
2025-07-02T00:50:43.913+08:00  INFO 49512 --- [           main] com.zry.xiaohongshu.auth.DruidTests      : The following 1 profile is active: "dev"
2025-07-02T00:50:45.687+08:00  INFO 49512 --- [           main] c.a.d.s.b.a.DruidDataSourceAutoConfigure : Init DruidDataSource
2025-07-02T00:50:46.193+08:00  INFO 49512 --- [           main] com.alibaba.druid.pool.DruidDataSource   : {dataSource-1} inited
2025-07-02T00:50:46.694+08:00  INFO 49512 --- [           main] com.zry.xiaohongshu.auth.DruidTests      : Started DruidTests in 3.224 seconds (process running for 4.726)
2025-07-02T00:50:47.437+08:00  INFO 49512 --- [           main] com.zry.xiaohongshu.auth.DruidTests      : privateKey: MIIBVQIBADANBgkqhkiG9w0BAQEFAASCAT8wggE7AgEAAkEA2gKBRP5QZUWUJ0G/YHvp1KomJ+FoXG4MwvtCsKhum0FaS7lXsD7NsDtFH3b6oimvKh4xs9uj4tSD726rckiM2QIDAQABAkAM3q+8r9I1bkp5GE6ozpve2fYTbeE8LqN6ebyFwwW3jMPWa1d9NDjlmCgVDa4ai7nNOxXwraStPM8owrKBYw/xAiEA8YYWOCUnWFXOYEmY255BbXnmczlCMgXZm+TCfPru2kkCIQDnE59GYa48Dfz9gKp1HpFxze9ks/qhySnTv3sbmBueEQIhAL12I+PzMUQYO4ZI9YICSOzqHR7yIb0/3Y5vCyojZk8RAiEAkwlzYi+p1OD5yL1kud3XotjtqeC0bNo6WVkQlwB1ImECIGVET3D9/TDZg9Ip13TUrrh8c5QhtFO98o8VPPsn5rc2
2025-07-02T00:50:47.442+08:00  INFO 49512 --- [           main] com.zry.xiaohongshu.auth.DruidTests      : publicKey: MFwwDQYJKoZIhvcNAQEBBQADSwAwSAJBANoCgUT+UGVFlCdBv2B76dSqJifhaFxuDML7QrCobptBWku5V7A+zbA7RR92+qIpryoeMbPbo+LUg+9uq3JIjNkCAwEAAQ==
2025-07-02T00:50:47.445+08:00  INFO 49512 --- [           main] com.zry.xiaohongshu.auth.DruidTests      : password: pMepzLeH/88etWKoHKpqgEKyEuollafKWshvcZeB3lUEPw6qUQt3rGV7FjFDdBoJ4oUGuLbyTP7tH1dHOSBOpA==
]]></system-out>
  </testcase>
</testsuite>