<?xml version="1.0" encoding="UTF-8"?>
<testsuite xmlns:xsi="http://www.w3.org/2001/XMLSchema-instance" xsi:noNamespaceSchemaLocation="https://maven.apache.org/surefire/maven-surefire-plugin/xsd/surefire-test-report-3.0.xsd" version="3.0" name="com.zry.xiaohongshu.auth.XiaohongshuAuthApplicationTests" time="0.424" tests="1" errors="0" skipped="0" failures="0">
  <properties>
[...]
</properties>
  <testcase name="testInsert" classname="com.zry.xiaohongshu.auth.XiaohongshuAuthApplicationTests" time="0.401">
    <system-out><![CDATA[2025-07-02T00:50:47.474+08:00  INFO 49512 --- [           main] t.c.s.AnnotationConfigContextLoaderUtils : Could not detect default configuration classes for test class [com.zry.xiaohongshu.auth.XiaohongshuAuthApplicationTests]: XiaohongshuAuthApplicationTests does not declare any static, non-private, non-final, nested classes annotated with @Configuration.
2025-07-02T00:50:47.476+08:00  INFO 49512 --- [           main] .b.t.c.SpringBootTestContextBootstrapper : Found @SpringBootConfiguration com.zry.xiaohongshu.auth.XiaohongshuAuthApplication for test class com.zry.xiaohongshu.auth.XiaohongshuAuthApplicationTests
2025-07-02T00:50:47.544+08:00 DEBUG 49512 --- [           main] c.z.x.a.d.mapper.UserDOMapper.insert     : ==>  Preparing: insert into t_user (id, username, create_time, update_time) values (?, ?, ?, ?)
2025-07-02T00:50:47.872+08:00 DEBUG 49512 --- [           main] c.z.x.a.d.mapper.UserDOMapper.insert     : ==> Parameters: null, 稚生(String), 2025-07-02T00:50:47.499687100(LocalDateTime), 2025-07-02T00:50:47.499687100(LocalDateTime)
2025-07-02T00:50:47.890+08:00 DEBUG 49512 --- [           main] c.z.x.a.d.mapper.UserDOMapper.insert     : <==    Updates: 1
]]></system-out>
  </testcase>
</testsuite>